Arguments: 
  /usr/local/bin/node /Users/tannguyen/.nvm/versions/node/v9.11.2/bin/yarn run eslint --init

PATH: 
  /Users/tannguyen/.rvm/gems/ruby-2.3.3/bin:/Users/tannguyen/.rvm/gems/ruby-2.3.3@global/bin:/Users/tannguyen/.rvm/rubies/ruby-2.3.3/bin:/usr/local/opt/imagemagick@6/bin:/Users/tannguyen/Library/Android/sdk/platform-tools:/Users/tannguyen/Library/Android/sdk/tools:/Users/tannguyen/Library/Android/sdk/emulator:/usr/local/bin:/usr/bin:/bin:/usr/sbin:/sbin:/Users/tannguyen/.rvm/gems/ruby-2.3.3/bin:/Users/tannguyen/.rvm/gems/ruby-2.3.3@global/bin:/Users/tannguyen/.rvm/rubies/ruby-2.3.3/bin:/usr/local/opt/imagemagick@6/bin:/Users/tannguyen/Library/Android/sdk/platform-tools:/Users/tannguyen/Library/Android/sdk/tools:/emulator:/Users/tannguyen/.nvm/versions/node/v9.11.2/bin:/Users/tannguyen/.fzf/bin:/Users/tannguyen/.rvm/bin:/Users/tannguyen/.rvm/bin

Yarn version: 
  1.5.1

Node version: 
  8.11.3

Platform: 
  darwin x64

npm manifest: 
  {
    "name": "empty-project-template",
    "private": true,
    "scripts": {
      "start": "react-native start",
      "android": "react-native run-android",
      "ios": "react-native run-ios"
    },
    "dependencies": {
      "react": "16.3.1",
      "react-native": "0.55.4",
      "babel-polyfill": "^6.26.0",
      "date-fns": "^1.29.0",
      "es6-symbol": "^3.1.0",
      "lodash": "^4.16.3",
      "prettier": "^1.12.1",
      "react-dom": "16.3.1",
      "react-native-appstate-listener": "^1.0.0",
      "react-native-easy-toast": "^1.1.0",
      "react-native-image-picker": "^0.26.7",
      "react-native-infinite-scroll-view": "^0.4.2",
      "react-native-interactable": "^0.1.7",
      "react-native-keyboard-aware-scroll-view": "^0.3.0",
      "react-native-keyboard-spacer": "^0.4.1",
      "react-native-share": "1.0.27",
      "react-native-simple-modal": "^8.0.0",
      "react-native-splash-screen": "^3.1.1",
      "react-native-switch-pro": "^1.0.1-beta",
      "react-native-tab-view": "^0.0.70",
      "react-native-vector-icons": "^4.4.2",
      "react-navigation": "^1.5.11",
      "react-navigation-redux-helpers": "^1.0.3",
      "react-redux": "^5.0.7",
      "recompose": "^0.26.0",
      "redux": "^3.5.2",
      "redux-actions": "^2.0.1",
      "redux-api-call": "^0.3.16",
      "redux-form": "^6.6.3",
      "redux-intl": "github:Thinkei/eh-redux-intl.git#1.1.0",
      "redux-observable": "^0.14.1",
      "rxjs": "^5.5.5"
    },
    "devDependencies": {
      "babel": "^6.23.0",
      "babel-eslint": "^8.0.3",
      "babel-plugin-flow-runtime": "^0.17.0",
      "babel-preset-es2015": "^6.24.1",
      "babel-preset-flow": "^6.23.0",
      "babel-preset-react-native-stage-0": "^1.0.1",
      "babel-preset-stage-0": "^6.24.1",
      "enzyme": "^2.8.0",
      "enzyme-to-json": "^1.5.1",
      "eslint": "^4.11.0",
      "eslint-config-prettier": "^2.9.0",
      "eslint-loader": "^1.7.1",
      "eslint-plugin-flowtype": "^2.34.0",
      "eslint-plugin-flowtype-errors": "^3.0.3",
      "eslint-plugin-immutable": "^1.0.0",
      "eslint-plugin-import": "^2.12.0",
      "eslint-plugin-jsx-a11y": "^4.0.0",
      "eslint-plugin-mocha": "^4.9.0",
      "eslint-plugin-prettier": "^2.6.0",
      "eslint-plugin-react": "^7.8.2",
      "eslint-plugin-react-native": "^2.3.1",
      "flow-bin": "^0.67.0",
      "flow-runtime": "^0.17.0",
      "flow-typed": "^2.4.0",
      "jest": "^21.2.1",
      "react-hot-loader": "^3.0.0-beta.2",
      "react-native-cli": "^2.0.1"
    }
  }

yarn manifest: 
  No manifest

Lockfile: 
  No lockfile

Trace: 
  Error: Command "eslint" not found.
      at new MessageError (/Users/tannguyen/.nvm/versions/node/v9.11.2/lib/node_modules/yarn/lib/cli.js:186:110)
      at /Users/tannguyen/.nvm/versions/node/v9.11.2/lib/node_modules/yarn/lib/cli.js:87307:17
      at Generator.next (<anonymous>)
      at step (/Users/tannguyen/.nvm/versions/node/v9.11.2/lib/node_modules/yarn/lib/cli.js:98:30)
      at /Users/tannguyen/.nvm/versions/node/v9.11.2/lib/node_modules/yarn/lib/cli.js:116:14
      at new Promise (<anonymous>)
      at new F (/Users/tannguyen/.nvm/versions/node/v9.11.2/lib/node_modules/yarn/lib/cli.js:23451:28)
      at /Users/tannguyen/.nvm/versions/node/v9.11.2/lib/node_modules/yarn/lib/cli.js:95:12
      at runCommand (/Users/tannguyen/.nvm/versions/node/v9.11.2/lib/node_modules/yarn/lib/cli.js:87312:22)
      at Object.<anonymous> (/Users/tannguyen/.nvm/versions/node/v9.11.2/lib/node_modules/yarn/lib/cli.js:87412:14)
